# JRE version: OpenJDK Runtime Environment Temurin-21.0.10+7 (21.0.10+7) (build 21.0.10+7-LTS)
# Java VM: OpenJDK 64-Bit Server VM Temurin-21.0.10+7 (21.0.10+7-LTS, mixed mode, sharing, tiered, compressed oops, compressed class ptrs, g1 gc, windows-amd64)
GC Precious Log:
 CardTable entry size: 512
 Card Set container configuration: InlinePtr #cards 5 size 8 Array Of Cards #cards 12 size 40 Howl #buckets 4 coarsen threshold 1843 Howl Bitmap #cards 512 size 80 coarsen threshold 460 Card regions per heap region 1 cards per card region 2048
 CPUs: 4 total, 4 available
 Memory: 8097M
 Large Page Support: Disabled
 NUMA Support: Disabled
 Compressed Oops: Enabled (32-bit)
 Heap Region Size: 1M
 Heap Min Capacity: 8M
 Heap Initial Capacity: 128M
 Heap Max Capacity: 2G
 Pre-touch: Disabled
 Parallel Workers: 4
 Concurrent Workers: 1
 Concurrent Refinement Workers: 4
 Periodic GC: Disabled
Heap:
 garbage-first heap   total 109568K, used 80716K [0x0000000080000000, 0x0000000100000000)
  region size 1024K, 17 young (17408K), 2 survivors (2048K)
 Metaspace       used 79271K, committed 80832K, reserved 1179648K
  class space    used 10619K, committed 11392K, reserved 1048576K
GC Heap History (20 events):
Event: 23.717 GC heap before
{Heap before GC invocations=13 (full 0):
 garbage-first heap   total 81920K, used 75151K [0x0000000080000000, 0x0000000100000000)
  region size 1024K, 44 young (45056K), 4 survivors (4096K)
 Metaspace       used 53488K, committed 55040K, reserved 1114112K
  class space    used 7828K, committed 8576K, reserved 1048576K
}
Event: 23.739 GC heap after
{Heap after GC invocations=14 (full 0):
 garbage-first heap   total 89088K, used 43508K [0x0000000080000000, 0x0000000100000000)
  region size 1024K, 6 young (6144K), 6 survivors (6144K)
 Metaspace       used 53488K, committed 55040K, reserved 1114112K
  class space    used 7828K, committed 8576K, reserved 1048576K
}
Event: 24.621 GC heap before
{Heap before GC invocations=14 (full 0):
 garbage-first heap   total 89088K, used 75252K [0x0000000080000000, 0x0000000100000000)
  region size 1024K, 37 young (37888K), 6 survivors (6144K)
 Metaspace       used 53747K, committed 55296K, reserved 1114112K
  class space    used 7845K, committed 8576K, reserved 1048576K
}
Event: 24.652 GC heap after
{Heap after GC invocations=15 (full 0):
 garbage-first heap   total 91136K, used 52729K [0x0000000080000000, 0x0000000100000000)
  region size 1024K, 5 young (5120K), 5 survivors (5120K)
 Metaspace       used 53747K, committed 55296K, reserved 1114112K
  class space    used 7845K, committed 8576K, reserved 1048576K
}
Event: 25.905 GC heap before
{Heap before GC invocations=15 (full 0):
 garbage-first heap   total 91136K, used 75257K [0x0000000080000000, 0x0000000100000000)
  region size 1024K, 27 young (27648K), 5 survivors (5120K)
 Metaspace       used 56794K, committed 58368K, reserved 1114112K
  class space    used 8195K, committed 8960K, reserved 1048576K
}
Event: 25.916 GC heap after
{Heap after GC invocations=16 (full 0):
 garbage-first heap   total 91136K, used 54519K [0x0000000080000000, 0x0000000100000000)
  region size 1024K, 2 young (2048K), 2 survivors (2048K)
 Metaspace       used 56794K, committed 58368K, reserved 1114112K
  class space    used 8195K, committed 8960K, reserved 1048576K
}
Event: 26.985 GC heap before
{Heap before GC invocations=17 (full 0):
 garbage-first heap   total 92160K, used 77047K [0x0000000080000000, 0x0000000100000000)
  region size 1024K, 25 young (25600K), 2 survivors (2048K)
 Metaspace       used 59557K, committed 61120K, reserved 1114112K
  class space    used 8491K, committed 9280K, reserved 1048576K
}
Event: 26.992 GC heap after
{Heap after GC invocations=18 (full 0):
 garbage-first heap   total 92160K, used 54902K [0x0000000080000000, 0x0000000100000000)
  region size 1024K, 2 young (2048K), 2 survivors (2048K)
 Metaspace       used 59557K, committed 61120K, reserved 1114112K
  class space    used 8491K, committed 9280K, reserved 1048576K
}
Event: 28.889 GC heap before
{Heap before GC invocations=18 (full 0):
 garbage-first heap   total 92160K, used 80502K [0x0000000080000000, 0x0000000100000000)
  region size 1024K, 27 young (27648K), 2 survivors (2048K)
 Metaspace       used 61807K, committed 63424K, reserved 1114112K
  class space    used 8752K, committed 9536K, reserved 1048576K
}
Event: 28.897 GC heap after
{Heap after GC invocations=19 (full 0):
 garbage-first heap   total 92160K, used 57849K [0x0000000080000000, 0x0000000100000000)
  region size 1024K, 4 young (4096K), 4 survivors (4096K)
 Metaspace       used 61807K, committed 63424K, reserved 1114112K
  class space    used 8752K, committed 9536K, reserved 1048576K
}
Event: 29.864 GC heap before
{Heap before GC invocations=19 (full 0):
 garbage-first heap   total 92160K, used 80377K [0x0000000080000000, 0x0000000100000000)
  region size 1024K, 27 young (27648K), 4 survivors (4096K)
 Metaspace       used 64506K, committed 66112K, reserved 1114112K
  class space    used 8969K, committed 9728K, reserved 1048576K
}
Event: 29.871 GC heap after
{Heap after GC invocations=20 (full 0):
 garbage-first heap   total 92160K, used 59076K [0x0000000080000000, 0x0000000100000000)
  region size 1024K, 1 young (1024K), 1 survivors (1024K)
 Metaspace       used 64506K, committed 66112K, reserved 1114112K
  class space    used 8969K, committed 9728K, reserved 1048576K
}
Event: 30.582 GC heap before
{Heap before GC invocations=21 (full 0):
 garbage-first heap   total 99328K, used 81604K [0x0000000080000000, 0x0000000100000000)
  region size 1024K, 24 young (24576K), 1 survivors (1024K)
 Metaspace       used 67687K, committed 69248K, reserved 1114112K
  class space    used 9293K, committed 10048K, reserved 1048576K
}
Event: 30.587 GC heap after
{Heap after GC invocations=22 (full 0):
 garbage-first heap   total 99328K, used 59680K [0x0000000080000000, 0x0000000100000000)
  region size 1024K, 2 young (2048K), 2 survivors (2048K)
 Metaspace       used 67687K, committed 69248K, reserved 1114112K
  class space    used 9293K, committed 10048K, reserved 1048576K
}
Event: 31.378 GC heap before
{Heap before GC invocations=22 (full 0):
 garbage-first heap   total 99328K, used 89376K [0x0000000080000000, 0x0000000100000000)
  region size 1024K, 32 young (32768K), 2 survivors (2048K)
 Metaspace       used 71614K, committed 73216K, reserved 1114112K
  class space    used 9717K, committed 10496K, reserved 1048576K
}
Event: 31.385 GC heap after
{Heap after GC invocations=23 (full 0):
 garbage-first heap   total 99328K, used 61074K [0x0000000080000000, 0x0000000100000000)
  region size 1024K, 4 young (4096K), 4 survivors (4096K)
 Metaspace       used 71614K, committed 73216K, reserved 1114112K
  class space    used 9717K, committed 10496K, reserved 1048576K
}
Event: 32.026 GC heap before
{Heap before GC invocations=23 (full 0):
 garbage-first heap   total 99328K, used 89746K [0x0000000080000000, 0x0000000100000000)
  region size 1024K, 32 young (32768K), 4 survivors (4096K)
 Metaspace       used 73726K, committed 75264K, reserved 1114112K
  class space    used 9922K, committed 10688K, reserved 1048576K
}
Event: 32.036 GC heap after
{Heap after GC invocations=24 (full 0):
 garbage-first heap   total 99328K, used 64902K [0x0000000080000000, 0x0000000100000000)
  region size 1024K, 4 young (4096K), 4 survivors (4096K)
 Metaspace       used 73726K, committed 75264K, reserved 1114112K
  class space    used 9922K, committed 10688K, reserved 1048576K
}
Event: 32.721 GC heap before
{Heap before GC invocations=25 (full 0):
 garbage-first heap   total 109568K, used 90502K [0x0000000080000000, 0x0000000100000000)
  region size 1024K, 29 young (29696K), 4 survivors (4096K)
 Metaspace       used 77492K, committed 79104K, reserved 1179648K
  class space    used 10414K, committed 11200K, reserved 1048576K
}
Event: 32.728 GC heap after
{Heap after GC invocations=26 (full 0):
 garbage-first heap   total 109568K, used 66380K [0x0000000080000000, 0x0000000100000000)
  region size 1024K, 2 young (2048K), 2 survivors (2048K)
 Metaspace       used 77492K, committed 79104K, reserved 1179648K
  class space    used 10414K, committed 11200K, reserved 1048576K
}

