# JRE version: OpenJDK Runtime Environment Temurin-25.0.1+8 (25.0.1+8) (build 25.0.1+8-LTS)
# Java VM: OpenJDK 64-Bit Server VM Temurin-25.0.1+8 (25.0.1+8-LTS, mixed mode, sharing, tiered, compressed oops, compressed class ptrs, g1 gc, windows-amd64)
GC Precious Log:
 CardTable entry size: 512
 Card Set container configuration: InlinePtr #cards 5 size 8 Array Of Cards #cards 10 size 36 Howl #buckets 4 coarsen threshold 1843 Howl Bitmap #cards 512 size 80 coarsen threshold 460 Card regions per heap region 1 cards per card region 2048
 CPUs: 4 total, 4 available
 Memory: 8097M
 Large Page Support: Disabled
 NUMA Support: Disabled
 Compressed Oops: Enabled (32-bit)
 Heap Region Size: 1M
 Heap Min Capacity: 8M
 Heap Initial Capacity: 128M
 Heap Max Capacity: 2G
 Pre-touch: Disabled
 Parallel Workers: 4
 Concurrent Workers: 1
 Concurrent Refinement Workers: 4
 Periodic GC: Disabled
Heap:
 garbage-first heap   total reserved 2097152K, committed 145408K, used 115386K [0x0000000080000000, 0x0000000100000000)
  region size 1024K, 62 young (63488K), 2 survivors (2048K)
GC Heap Usage History (20 events):
Event: 20.125 {heap Before GC invocations=9 (full 0):
 garbage-first heap   total reserved 2097152K, committed 89088K, used 74488K [0x0000000080000000, 0x0000000100000000)
  region size 1024K, 43 young (44032K), 2 survivors (2048K)
}
Event: 20.137 {heap After GC invocations=10 (full 0):
 garbage-first heap   total reserved 2097152K, committed 89088K, used 36228K [0x0000000080000000, 0x0000000100000000)
  region size 1024K, 5 young (5120K), 5 survivors (5120K)
}
Event: 23.359 {heap Before GC invocations=10 (full 0):
 garbage-first heap   total reserved 2097152K, committed 89088K, used 76164K [0x0000000080000000, 0x0000000100000000)
  region size 1024K, 44 young (45056K), 5 survivors (5120K)
}
Event: 23.380 {heap After GC invocations=11 (full 0):
 garbage-first heap   total reserved 2097152K, committed 89088K, used 37782K [0x0000000080000000, 0x0000000100000000)
  region size 1024K, 5 young (5120K), 5 survivors (5120K)
}
Event: 26.002 {heap Before GC invocations=11 (full 0):
 garbage-first heap   total reserved 2097152K, committed 89088K, used 77718K [0x0000000080000000, 0x0000000100000000)
  region size 1024K, 44 young (45056K), 5 survivors (5120K)
}
Event: 26.021 {heap After GC invocations=12 (full 0):
 garbage-first heap   total reserved 2097152K, committed 89088K, used 41984K [0x0000000080000000, 0x0000000100000000)
  region size 1024K, 6 young (6144K), 6 survivors (6144K)
}
Event: 26.828 {heap Before GC invocations=12 (full 0):
 garbage-first heap   total reserved 2097152K, committed 89088K, used 78848K [0x0000000080000000, 0x0000000100000000)
  region size 1024K, 42 young (43008K), 6 survivors (6144K)
}
Event: 26.853 {heap After GC invocations=13 (full 0):
 garbage-first heap   total reserved 2097152K, committed 89088K, used 45056K [0x0000000080000000, 0x0000000100000000)
  region size 1024K, 3 young (3072K), 3 survivors (3072K)
}
Event: 27.179 {heap Before GC invocations=13 (full 0):
 garbage-first heap   total reserved 2097152K, committed 89088K, used 79872K [0x0000000080000000, 0x0000000100000000)
  region size 1024K, 37 young (37888K), 3 survivors (3072K)
}
Event: 27.197 {heap After GC invocations=14 (full 0):
 garbage-first heap   total reserved 2097152K, committed 89088K, used 47453K [0x0000000080000000, 0x0000000100000000)
  region size 1024K, 3 young (3072K), 3 survivors (3072K)
}
Event: 27.743 {heap Before GC invocations=15 (full 0):
 garbage-first heap   total reserved 2097152K, committed 89088K, used 80221K [0x0000000080000000, 0x0000000100000000)
  region size 1024K, 35 young (35840K), 3 survivors (3072K)
}
Event: 27.758 {heap After GC invocations=16 (full 0):
 garbage-first heap   total reserved 2097152K, committed 89088K, used 48891K [0x0000000080000000, 0x0000000100000000)
  region size 1024K, 5 young (5120K), 5 survivors (5120K)
}
Event: 27.992 {heap Before GC invocations=16 (full 0):
 garbage-first heap   total reserved 2097152K, committed 89088K, used 79611K [0x0000000080000000, 0x0000000100000000)
  region size 1024K, 35 young (35840K), 5 survivors (5120K)
}
Event: 28.010 {heap After GC invocations=17 (full 0):
 garbage-first heap   total reserved 2097152K, committed 89088K, used 49524K [0x0000000080000000, 0x0000000100000000)
  region size 1024K, 4 young (4096K), 4 survivors (4096K)
}
Event: 29.346 {heap Before GC invocations=17 (full 0):
 garbage-first heap   total reserved 2097152K, committed 89088K, used 81268K [0x0000000080000000, 0x0000000100000000)
  region size 1024K, 35 young (35840K), 4 survivors (4096K)
}
Event: 29.364 {heap After GC invocations=18 (full 0):
 garbage-first heap   total reserved 2097152K, committed 89088K, used 51622K [0x0000000080000000, 0x0000000100000000)
  region size 1024K, 4 young (4096K), 4 survivors (4096K)
}
Event: 30.296 {heap Before GC invocations=19 (full 0):
 garbage-first heap   total reserved 2097152K, committed 89088K, used 81318K [0x0000000080000000, 0x0000000100000000)
  region size 1024K, 33 young (33792K), 4 survivors (4096K)
}
Event: 30.316 {heap After GC invocations=20 (full 0):
 garbage-first heap   total reserved 2097152K, committed 89088K, used 53503K [0x0000000080000000, 0x0000000100000000)
  region size 1024K, 5 young (5120K), 5 survivors (5120K)
}
Event: 30.481 {heap Before GC invocations=20 (full 0):
 garbage-first heap   total reserved 2097152K, committed 89088K, used 82175K [0x0000000080000000, 0x0000000100000000)
  region size 1024K, 32 young (32768K), 5 survivors (5120K)
}
Event: 30.504 {heap After GC invocations=21 (full 0):
 garbage-first heap   total reserved 2097152K, committed 145408K, used 54970K [0x0000000080000000, 0x0000000100000000)
  region size 1024K, 2 young (2048K), 2 survivors (2048K)
}

