# JRE version: OpenJDK Runtime Environment Temurin-25.0.1+8 (25.0.1+8) (build 25.0.1+8-LTS)
# Java VM: OpenJDK 64-Bit Server VM Temurin-25.0.1+8 (25.0.1+8-LTS, mixed mode, sharing, tiered, compressed oops, compressed class ptrs, g1 gc, windows-amd64)
GC Precious Log:
 CardTable entry size: 512
 Card Set container configuration: InlinePtr #cards 5 size 8 Array Of Cards #cards 10 size 36 Howl #buckets 4 coarsen threshold 1843 Howl Bitmap #cards 512 size 80 coarsen threshold 460 Card regions per heap region 1 cards per card region 2048
 CPUs: 4 total, 4 available
 Memory: 8097M
 Large Page Support: Disabled
 NUMA Support: Disabled
 Compressed Oops: Enabled (32-bit)
 Heap Region Size: 1M
 Heap Min Capacity: 8M
 Heap Initial Capacity: 128M
 Heap Max Capacity: 2G
 Pre-touch: Disabled
 Parallel Workers: 4
 Concurrent Workers: 1
 Concurrent Refinement Workers: 4
 Periodic GC: Disabled
Heap:
 garbage-first heap   total reserved 2097152K, committed 467968K, used 183081K [0x0000000080000000, 0x0000000100000000)
  region size 1024K, 20 young (20480K), 3 survivors (3072K)
GC Heap Usage History (20 events):
Event: 37.793 {heap Before GC invocations=34 (full 0):
 garbage-first heap   total reserved 2097152K, committed 193536K, used 141312K [0x0000000080000000, 0x0000000100000000)
  region size 1024K, 22 young (22528K), 8 survivors (8192K)
}
Event: 37.830 {heap After GC invocations=35 (full 0):
 garbage-first heap   total reserved 2097152K, committed 261120K, used 134009K [0x0000000080000000, 0x0000000100000000)
  region size 1024K, 5 young (5120K), 5 survivors (5120K)
}
Event: 41.684 {heap Before GC invocations=35 (full 0):
 garbage-first heap   total reserved 2097152K, committed 261120K, used 228217K [0x0000000080000000, 0x0000000100000000)
  region size 1024K, 97 young (99328K), 5 survivors (5120K)
}
Event: 41.731 {heap After GC invocations=36 (full 0):
 garbage-first heap   total reserved 2097152K, committed 261120K, used 154112K [0x0000000080000000, 0x0000000100000000)
  region size 1024K, 13 young (13312K), 13 survivors (13312K)
}
Event: 42.623 {heap Before GC invocations=36 (full 0):
 garbage-first heap   total reserved 2097152K, committed 261120K, used 226816K [0x0000000080000000, 0x0000000100000000)
  region size 1024K, 85 young (87040K), 13 survivors (13312K)
}
Event: 42.700 {heap After GC invocations=37 (full 0):
 garbage-first heap   total reserved 2097152K, committed 267264K, used 180224K [0x0000000080000000, 0x0000000100000000)
  region size 1024K, 11 young (11264K), 11 survivors (11264K)
}
Event: 46.187 {heap Before GC invocations=38 (full 0):
 garbage-first heap   total reserved 2097152K, committed 275456K, used 218112K [0x0000000080000000, 0x0000000100000000)
  region size 1024K, 64 young (65536K), 11 survivors (11264K)
}
Event: 46.242 {heap After GC invocations=39 (full 0):
 garbage-first heap   total reserved 2097152K, committed 275456K, used 181375K [0x0000000080000000, 0x0000000100000000)
  region size 1024K, 8 young (8192K), 8 survivors (8192K)
}
Event: 50.226 {heap Before GC invocations=39 (full 0):
 garbage-first heap   total reserved 2097152K, committed 275456K, used 236671K [0x0000000080000000, 0x0000000100000000)
  region size 1024K, 63 young (64512K), 8 survivors (8192K)
}
Event: 50.268 {heap After GC invocations=40 (full 0):
 garbage-first heap   total reserved 2097152K, committed 275456K, used 166333K [0x0000000080000000, 0x0000000100000000)
  region size 1024K, 5 young (5120K), 5 survivors (5120K)
}
Event: 52.492 {heap Before GC invocations=40 (full 0):
 garbage-first heap   total reserved 2097152K, committed 275456K, used 233917K [0x0000000080000000, 0x0000000100000000)
  region size 1024K, 72 young (73728K), 5 survivors (5120K)
}
Event: 52.513 {heap After GC invocations=41 (full 0):
 garbage-first heap   total reserved 2097152K, committed 275456K, used 173568K [0x0000000080000000, 0x0000000100000000)
  region size 1024K, 9 young (9216K), 9 survivors (9216K)
}
Event: 52.920 {heap Before GC invocations=41 (full 0):
 garbage-first heap   total reserved 2097152K, committed 275456K, used 239104K [0x0000000080000000, 0x0000000100000000)
  region size 1024K, 73 young (74752K), 9 survivors (9216K)
}
Event: 52.989 {heap After GC invocations=42 (full 0):
 garbage-first heap   total reserved 2097152K, committed 278528K, used 203264K [0x0000000080000000, 0x0000000100000000)
  region size 1024K, 10 young (10240K), 10 survivors (10240K)
}
Event: 53.946 {heap Before GC invocations=43 (full 0):
 garbage-first heap   total reserved 2097152K, committed 278528K, used 199168K [0x0000000080000000, 0x0000000100000000)
  region size 1024K, 51 young (52224K), 10 survivors (10240K)
}
Event: 53.992 {heap After GC invocations=44 (full 0):
 garbage-first heap   total reserved 2097152K, committed 278528K, used 170496K [0x0000000080000000, 0x0000000100000000)
  region size 1024K, 7 young (7168K), 7 survivors (7168K)
}
Event: 55.364 {heap Before GC invocations=44 (full 0):
 garbage-first heap   total reserved 2097152K, committed 278528K, used 238080K [0x0000000080000000, 0x0000000100000000)
  region size 1024K, 64 young (65536K), 7 survivors (7168K)
}
Event: 55.404 {heap After GC invocations=45 (full 0):
 garbage-first heap   total reserved 2097152K, committed 278528K, used 168960K [0x0000000080000000, 0x0000000100000000)
  region size 1024K, 8 young (8192K), 8 survivors (8192K)
}
Event: 57.543 {heap Before GC invocations=45 (full 0):
 garbage-first heap   total reserved 2097152K, committed 278528K, used 228352K [0x0000000080000000, 0x0000000100000000)
  region size 1024K, 66 young (67584K), 8 survivors (8192K)
}
Event: 57.576 {heap After GC invocations=46 (full 0):
 garbage-first heap   total reserved 2097152K, committed 467968K, used 164649K [0x0000000080000000, 0x0000000100000000)
  region size 1024K, 3 young (3072K), 3 survivors (3072K)
}

