# JRE version: OpenJDK Runtime Environment Temurin-25.0.1+8 (25.0.1+8) (build 25.0.1+8-LTS)
# Java VM: OpenJDK 64-Bit Server VM Temurin-25.0.1+8 (25.0.1+8-LTS, mixed mode, sharing, tiered, compressed oops, compressed class ptrs, g1 gc, windows-amd64)
GC Precious Log:
 CardTable entry size: 512
 Card Set container configuration: InlinePtr #cards 5 size 8 Array Of Cards #cards 10 size 36 Howl #buckets 4 coarsen threshold 1843 Howl Bitmap #cards 512 size 80 coarsen threshold 460 Card regions per heap region 1 cards per card region 2048
 CPUs: 4 total, 4 available
 Memory: 8097M
 Large Page Support: Disabled
 NUMA Support: Disabled
 Compressed Oops: Enabled (32-bit)
 Heap Region Size: 1M
 Heap Min Capacity: 8M
 Heap Initial Capacity: 128M
 Heap Max Capacity: 2G
 Pre-touch: Disabled
 Parallel Workers: 4
 Concurrent Workers: 1
 Concurrent Refinement Workers: 4
 Periodic GC: Disabled
Heap:
 garbage-first heap   total reserved 2097152K, committed 186368K, used 165352K [0x0000000080000000, 0x0000000100000000)
  region size 1024K, 88 young (90112K), 9 survivors (9216K)
GC Heap Usage History (20 events):
Event: 24.679 {heap After GC invocations=15 (full 0):
 garbage-first heap   total reserved 2097152K, committed 92160K, used 46464K [0x0000000080000000, 0x0000000100000000)
  region size 1024K, 4 young (4096K), 4 survivors (4096K)
}
Event: 25.921 {heap Before GC invocations=15 (full 0):
 garbage-first heap   total reserved 2097152K, committed 92160K, used 84352K [0x0000000080000000, 0x0000000100000000)
  region size 1024K, 41 young (41984K), 4 survivors (4096K)
}
Event: 25.932 {heap After GC invocations=16 (full 0):
 garbage-first heap   total reserved 2097152K, committed 92160K, used 46917K [0x0000000080000000, 0x0000000100000000)
  region size 1024K, 4 young (4096K), 4 survivors (4096K)
}
Event: 26.588 {heap Before GC invocations=16 (full 0):
 garbage-first heap   total reserved 2097152K, committed 92160K, used 84805K [0x0000000080000000, 0x0000000100000000)
  region size 1024K, 41 young (41984K), 4 survivors (4096K)
}
Event: 26.610 {heap After GC invocations=17 (full 0):
 garbage-first heap   total reserved 2097152K, committed 101376K, used 58949K [0x0000000080000000, 0x0000000100000000)
  region size 1024K, 6 young (6144K), 6 survivors (6144K)
}
Event: 26.929 {heap Before GC invocations=18 (full 0):
 garbage-first heap   total reserved 2097152K, committed 101376K, used 85573K [0x0000000080000000, 0x0000000100000000)
  region size 1024K, 32 young (32768K), 6 survivors (6144K)
}
Event: 26.948 {heap After GC invocations=19 (full 0):
 garbage-first heap   total reserved 2097152K, committed 101376K, used 67072K [0x0000000080000000, 0x0000000100000000)
  region size 1024K, 4 young (4096K), 4 survivors (4096K)
}
Event: 27.598 {heap Before GC invocations=19 (full 0):
 garbage-first heap   total reserved 2097152K, committed 101376K, used 86528K [0x0000000080000000, 0x0000000100000000)
  region size 1024K, 23 young (23552K), 4 survivors (4096K)
}
Event: 27.608 {heap After GC invocations=20 (full 0):
 garbage-first heap   total reserved 2097152K, committed 101376K, used 68215K [0x0000000080000000, 0x0000000100000000)
  region size 1024K, 2 young (2048K), 2 survivors (2048K)
}
Event: 28.378 {heap Before GC invocations=20 (full 0):
 garbage-first heap   total reserved 2097152K, committed 101376K, used 87671K [0x0000000080000000, 0x0000000100000000)
  region size 1024K, 21 young (21504K), 2 survivors (2048K)
}
Event: 28.384 {heap After GC invocations=21 (full 0):
 garbage-first heap   total reserved 2097152K, committed 101376K, used 68652K [0x0000000080000000, 0x0000000100000000)
  region size 1024K, 2 young (2048K), 2 survivors (2048K)
}
Event: 29.292 {heap Before GC invocations=22 (full 0):
 garbage-first heap   total reserved 2097152K, committed 116736K, used 90156K [0x0000000080000000, 0x0000000100000000)
  region size 1024K, 23 young (23552K), 2 survivors (2048K)
}
Event: 29.303 {heap After GC invocations=23 (full 0):
 garbage-first heap   total reserved 2097152K, committed 116736K, used 71906K [0x0000000080000000, 0x0000000100000000)
  region size 1024K, 3 young (3072K), 3 survivors (3072K)
}
Event: 29.983 {heap Before GC invocations=23 (full 0):
 garbage-first heap   total reserved 2097152K, committed 116736K, used 101602K [0x0000000080000000, 0x0000000100000000)
  region size 1024K, 33 young (33792K), 3 survivors (3072K)
}
Event: 29.991 {heap After GC invocations=24 (full 0):
 garbage-first heap   total reserved 2097152K, committed 116736K, used 71725K [0x0000000080000000, 0x0000000100000000)
  region size 1024K, 4 young (4096K), 4 survivors (4096K)
}
Event: 30.781 {heap Before GC invocations=24 (full 0):
 garbage-first heap   total reserved 2097152K, committed 116736K, used 103469K [0x0000000080000000, 0x0000000100000000)
  region size 1024K, 36 young (36864K), 4 survivors (4096K)
}
Event: 30.790 {heap After GC invocations=25 (full 0):
 garbage-first heap   total reserved 2097152K, committed 186368K, used 73825K [0x0000000080000000, 0x0000000100000000)
  region size 1024K, 3 young (3072K), 3 survivors (3072K)
}
Event: 34.042 {heap Before GC invocations=26 (full 0):
 garbage-first heap   total reserved 2097152K, committed 186368K, used 162913K [0x0000000080000000, 0x0000000100000000)
  region size 1024K, 90 young (92160K), 3 survivors (3072K)
}
Event: 34.059 {heap After GC invocations=27 (full 0):
 garbage-first heap   total reserved 2097152K, committed 186368K, used 84456K [0x0000000080000000, 0x0000000100000000)
  region size 1024K, 12 young (12288K), 12 survivors (12288K)
}
Event: 36.550 {heap Before GC invocations=27 (full 0):
 garbage-first heap   total reserved 2097152K, committed 186368K, used 164328K [0x0000000080000000, 0x0000000100000000)
  region size 1024K, 91 young (93184K), 12 survivors (12288K)
}

